{"uid":"6b90e13a18c0c169","name":"test_github","fullName":"tests.test_selene#test_github","historyId":"0139c44e2d86c93c634c3d6d6688f462","time":{"start":1658126681548,"stop":1658126682238,"duration":690},"status":"broken","statusMessage":"selenium.common.exceptions.WebDriverException: Message: unknown error: Chrome failed to start: exited abnormally.\n  (unknown error: DevToolsActivePort file doesn't exist)\n  (The process started from chrome location /usr/bin/google-chrome is no longer running, so ChromeDriver is assuming that Chrome has crashed.)\nStacktrace:\n#0 0x556022003b13 <unknown>\n#1 0x556021e0a688 <unknown>\n#2 0x556021e2ef1f <unknown>\n#3 0x556021e2a5aa <unknown>\n#4 0x556021e6564a <unknown>\n#5 0x556021e5f7a3 <unknown>\n#6 0x556021e350ea <unknown>\n#7 0x556021e36225 <unknown>\n#8 0x55602204b2dd <unknown>\n#9 0x55602204f2c7 <unknown>\n#10 0x55602203522e <unknown>\n#11 0x5560220500a8 <unknown>\n#12 0x556022029bc0 <unknown>\n#13 0x55602206c6c8 <unknown>\n#14 0x55602206c848 <unknown>\n#15 0x556022086c0d <unknown>\n#16 0x7f9d3764a609 <unknown>","statusTrace":"def test_github():\n>       browser.open(\"https://github.com/\")\n\ntests/test_selene.py:8: \n_ _ _ _ _ _ _ _ _ _ _ _ _ _ _ _ _ _ _ _ _ _ _ _ _ _ _ _ _ _ _ _ _ _ _ _ _ _ _ _ \n/opt/hostedtoolcache/Python/3.10.5/x64/lib/python3.10/site-packages/selene/support/shared/browser.py:78: in open\n    self.config.get_or_create_driver().get(url)\n/opt/hostedtoolcache/Python/3.10.5/x64/lib/python3.10/site-packages/selene/support/shared/config.py:281: in get_or_create_driver\n    return self._source.get_or_create()\n/opt/hostedtoolcache/Python/3.10.5/x64/lib/python3.10/site-packages/selene/support/shared/config.py:129: in get_or_create\n    return self.create()\n/opt/hostedtoolcache/Python/3.10.5/x64/lib/python3.10/site-packages/selene/support/shared/config.py:110: in create\n    self._stored = self._set_driver()\n/opt/hostedtoolcache/Python/3.10.5/x64/lib/python3.10/site-packages/selene/support/shared/config.py:192: in <lambda>\n    lambda: self._set_chrome_or_firefox_from_webdriver_manager()\n/opt/hostedtoolcache/Python/3.10.5/x64/lib/python3.10/site-packages/selene/support/shared/config.py:259: in _set_chrome_or_firefox_from_webdriver_manager\n    return {'chrome': get_chrome, 'firefox': get_firefox}.get(\n/opt/hostedtoolcache/Python/3.10.5/x64/lib/python3.10/site-packages/selene/support/shared/config.py:239: in get_chrome\n    return Chrome(\n/opt/hostedtoolcache/Python/3.10.5/x64/lib/python3.10/site-packages/selenium/webdriver/chrome/webdriver.py:70: in __init__\n    super(WebDriver, self).__init__(DesiredCapabilities.CHROME['browserName'], \"goog\",\n/opt/hostedtoolcache/Python/3.10.5/x64/lib/python3.10/site-packages/selenium/webdriver/chromium/webdriver.py:92: in __init__\n    RemoteWebDriver.__init__(\n/opt/hostedtoolcache/Python/3.10.5/x64/lib/python3.10/site-packages/selenium/webdriver/remote/webdriver.py:275: in __init__\n    self.start_session(capabilities, browser_profile)\n/opt/hostedtoolcache/Python/3.10.5/x64/lib/python3.10/site-packages/selenium/webdriver/remote/webdriver.py:365: in start_session\n    response = self.execute(Command.NEW_SESSION, parameters)\n/opt/hostedtoolcache/Python/3.10.5/x64/lib/python3.10/site-packages/selenium/webdriver/remote/webdriver.py:430: in execute\n    self.error_handler.check_response(response)\n_ _ _ _ _ _ _ _ _ _ _ _ _ _ _ _ _ _ _ _ _ _ _ _ _ _ _ _ _ _ _ _ _ _ _ _ _ _ _ _ \n\nself = <selenium.webdriver.remote.errorhandler.ErrorHandler object at 0x7fc6bbe35c60>\nresponse = {'status': 500, 'value': '{\"value\":{\"error\":\"unknown error\",\"message\":\"unknown error: Chrome failed to start: exited a...\\\\n#14 0x55602206c848 \\\\u003Cunknown>\\\\n#15 0x556022086c0d \\\\u003Cunknown>\\\\n#16 0x7f9d3764a609 \\\\u003Cunknown>\\\\n\"}}'}\n\n    def check_response(self, response: Dict[str, Any]) -> None:\n        \"\"\"\n        Checks that a JSON response from the WebDriver does not have an error.\n    \n        :Args:\n         - response - The JSON response from the WebDriver server as a dictionary\n           object.\n    \n        :Raises: If the response contains an error message.\n        \"\"\"\n        status = response.get('status', None)\n        if not status or status == ErrorCode.SUCCESS:\n            return\n        value = None\n        message = response.get(\"message\", \"\")\n        screen: str = response.get(\"screen\", \"\")\n        stacktrace = None\n        if isinstance(status, int):\n            value_json = response.get('value', None)\n            if value_json and isinstance(value_json, str):\n                import json\n                try:\n                    value = json.loads(value_json)\n                    if len(value.keys()) == 1:\n                        value = value['value']\n                    status = value.get('error', None)\n                    if not status:\n                        status = value.get(\"status\", ErrorCode.UNKNOWN_ERROR)\n                        message = value.get(\"value\") or value.get(\"message\")\n                        if not isinstance(message, str):\n                            value = message\n                            message = message.get('message')\n                    else:\n                        message = value.get('message', None)\n                except ValueError:\n                    pass\n    \n        exception_class: Type[WebDriverException]\n        if status in ErrorCode.NO_SUCH_ELEMENT:\n            exception_class = NoSuchElementException\n        elif status in ErrorCode.NO_SUCH_FRAME:\n            exception_class = NoSuchFrameException\n        elif status in ErrorCode.NO_SUCH_SHADOW_ROOT:\n            exception_class = NoSuchShadowRootException\n        elif status in ErrorCode.NO_SUCH_WINDOW:\n            exception_class = NoSuchWindowException\n        elif status in ErrorCode.STALE_ELEMENT_REFERENCE:\n            exception_class = StaleElementReferenceException\n        elif status in ErrorCode.ELEMENT_NOT_VISIBLE:\n            exception_class = ElementNotVisibleException\n        elif status in ErrorCode.INVALID_ELEMENT_STATE:\n            exception_class = InvalidElementStateException\n        elif status in ErrorCode.INVALID_SELECTOR \\\n                or status in ErrorCode.INVALID_XPATH_SELECTOR \\\n                or status in ErrorCode.INVALID_XPATH_SELECTOR_RETURN_TYPER:\n            exception_class = InvalidSelectorException\n        elif status in ErrorCode.ELEMENT_IS_NOT_SELECTABLE:\n            exception_class = ElementNotSelectableException\n        elif status in ErrorCode.ELEMENT_NOT_INTERACTABLE:\n            exception_class = ElementNotInteractableException\n        elif status in ErrorCode.INVALID_COOKIE_DOMAIN:\n            exception_class = InvalidCookieDomainException\n        elif status in ErrorCode.UNABLE_TO_SET_COOKIE:\n            exception_class = UnableToSetCookieException\n        elif status in ErrorCode.TIMEOUT:\n            exception_class = TimeoutException\n        elif status in ErrorCode.SCRIPT_TIMEOUT:\n            exception_class = TimeoutException\n        elif status in ErrorCode.UNKNOWN_ERROR:\n            exception_class = WebDriverException\n        elif status in ErrorCode.UNEXPECTED_ALERT_OPEN:\n            exception_class = UnexpectedAlertPresentException\n        elif status in ErrorCode.NO_ALERT_OPEN:\n            exception_class = NoAlertPresentException\n        elif status in ErrorCode.IME_NOT_AVAILABLE:\n            exception_class = ImeNotAvailableException\n        elif status in ErrorCode.IME_ENGINE_ACTIVATION_FAILED:\n            exception_class = ImeActivationFailedException\n        elif status in ErrorCode.MOVE_TARGET_OUT_OF_BOUNDS:\n            exception_class = MoveTargetOutOfBoundsException\n        elif status in ErrorCode.JAVASCRIPT_ERROR:\n            exception_class = JavascriptException\n        elif status in ErrorCode.SESSION_NOT_CREATED:\n            exception_class = SessionNotCreatedException\n        elif status in ErrorCode.INVALID_ARGUMENT:\n            exception_class = InvalidArgumentException\n        elif status in ErrorCode.NO_SUCH_COOKIE:\n            exception_class = NoSuchCookieException\n        elif status in ErrorCode.UNABLE_TO_CAPTURE_SCREEN:\n            exception_class = ScreenshotException\n        elif status in ErrorCode.ELEMENT_CLICK_INTERCEPTED:\n            exception_class = ElementClickInterceptedException\n        elif status in ErrorCode.INSECURE_CERTIFICATE:\n            exception_class = InsecureCertificateException\n        elif status in ErrorCode.INVALID_COORDINATES:\n            exception_class = InvalidCoordinatesException\n        elif status in ErrorCode.INVALID_SESSION_ID:\n            exception_class = InvalidSessionIdException\n        elif status in ErrorCode.UNKNOWN_METHOD:\n            exception_class = UnknownMethodException\n        else:\n            exception_class = WebDriverException\n        if not value:\n            value = response['value']\n        if isinstance(value, str):\n            raise exception_class(value)\n        if message == \"\" and 'message' in value:\n            message = value['message']\n    \n        screen = None  # type: ignore[assignment]\n        if 'screen' in value:\n            screen = value['screen']\n    \n        stacktrace = None\n        st_value = value.get('stackTrace') or value.get('stacktrace')\n        if st_value:\n            if isinstance(st_value, str):\n                stacktrace = st_value.split('\\n')\n            else:\n                stacktrace = []\n                try:\n                    for frame in st_value:\n                        line = self._value_or_default(frame, 'lineNumber', '')\n                        file = self._value_or_default(frame, 'fileName', '<anonymous>')\n                        if line:\n                            file = \"%s:%s\" % (file, line)\n                        meth = self._value_or_default(frame, 'methodName', '<anonymous>')\n                        if 'className' in frame:\n                            meth = \"%s.%s\" % (frame['className'], meth)\n                        msg = \"    at %s (%s)\"\n                        msg = msg % (meth, file)\n                        stacktrace.append(msg)\n                except TypeError:\n                    pass\n        if exception_class == UnexpectedAlertPresentException:\n            alert_text = None\n            if 'data' in value:\n                alert_text = value['data'].get('text')\n            elif 'alert' in value:\n                alert_text = value['alert'].get('text')\n            raise exception_class(message, screen, stacktrace, alert_text)  # type: ignore[call-arg]  # mypy is not smart enough here\n>       raise exception_class(message, screen, stacktrace)\nE       selenium.common.exceptions.WebDriverException: Message: unknown error: Chrome failed to start: exited abnormally.\nE         (unknown error: DevToolsActivePort file doesn't exist)\nE         (The process started from chrome location /usr/bin/google-chrome is no longer running, so ChromeDriver is assuming that Chrome has crashed.)\nE       Stacktrace:\nE       #0 0x556022003b13 <unknown>\nE       #1 0x556021e0a688 <unknown>\nE       #2 0x556021e2ef1f <unknown>\nE       #3 0x556021e2a5aa <unknown>\nE       #4 0x556021e6564a <unknown>\nE       #5 0x556021e5f7a3 <unknown>\nE       #6 0x556021e350ea <unknown>\nE       #7 0x556021e36225 <unknown>\nE       #8 0x55602204b2dd <unknown>\nE       #9 0x55602204f2c7 <unknown>\nE       #10 0x55602203522e <unknown>\nE       #11 0x5560220500a8 <unknown>\nE       #12 0x556022029bc0 <unknown>\nE       #13 0x55602206c6c8 <unknown>\nE       #14 0x55602206c848 <unknown>\nE       #15 0x556022086c0d <unknown>\nE       #16 0x7f9d3764a609 <unknown>\n\n/opt/hostedtoolcache/Python/3.10.5/x64/lib/python3.10/site-packages/selenium/webdriver/remote/errorhandler.py:247: WebDriverException","flaky":false,"newFailed":false,"newBroken":false,"newPassed":false,"retriesCount":0,"retriesStatusChange":false,"beforeStages":[],"testStage":{"status":"broken","statusMessage":"selenium.common.exceptions.WebDriverException: Message: unknown error: Chrome failed to start: exited abnormally.\n  (unknown error: DevToolsActivePort file doesn't exist)\n  (The process started from chrome location /usr/bin/google-chrome is no longer running, so ChromeDriver is assuming that Chrome has crashed.)\nStacktrace:\n#0 0x556022003b13 <unknown>\n#1 0x556021e0a688 <unknown>\n#2 0x556021e2ef1f <unknown>\n#3 0x556021e2a5aa <unknown>\n#4 0x556021e6564a <unknown>\n#5 0x556021e5f7a3 <unknown>\n#6 0x556021e350ea <unknown>\n#7 0x556021e36225 <unknown>\n#8 0x55602204b2dd <unknown>\n#9 0x55602204f2c7 <unknown>\n#10 0x55602203522e <unknown>\n#11 0x5560220500a8 <unknown>\n#12 0x556022029bc0 <unknown>\n#13 0x55602206c6c8 <unknown>\n#14 0x55602206c848 <unknown>\n#15 0x556022086c0d <unknown>\n#16 0x7f9d3764a609 <unknown>","statusTrace":"def test_github():\n>       browser.open(\"https://github.com/\")\n\ntests/test_selene.py:8: \n_ _ _ _ _ _ _ _ _ _ _ _ _ _ _ _ _ _ _ _ _ _ _ _ _ _ _ _ _ _ _ _ _ _ _ _ _ _ _ _ \n/opt/hostedtoolcache/Python/3.10.5/x64/lib/python3.10/site-packages/selene/support/shared/browser.py:78: in open\n    self.config.get_or_create_driver().get(url)\n/opt/hostedtoolcache/Python/3.10.5/x64/lib/python3.10/site-packages/selene/support/shared/config.py:281: in get_or_create_driver\n    return self._source.get_or_create()\n/opt/hostedtoolcache/Python/3.10.5/x64/lib/python3.10/site-packages/selene/support/shared/config.py:129: in get_or_create\n    return self.create()\n/opt/hostedtoolcache/Python/3.10.5/x64/lib/python3.10/site-packages/selene/support/shared/config.py:110: in create\n    self._stored = self._set_driver()\n/opt/hostedtoolcache/Python/3.10.5/x64/lib/python3.10/site-packages/selene/support/shared/config.py:192: in <lambda>\n    lambda: self._set_chrome_or_firefox_from_webdriver_manager()\n/opt/hostedtoolcache/Python/3.10.5/x64/lib/python3.10/site-packages/selene/support/shared/config.py:259: in _set_chrome_or_firefox_from_webdriver_manager\n    return {'chrome': get_chrome, 'firefox': get_firefox}.get(\n/opt/hostedtoolcache/Python/3.10.5/x64/lib/python3.10/site-packages/selene/support/shared/config.py:239: in get_chrome\n    return Chrome(\n/opt/hostedtoolcache/Python/3.10.5/x64/lib/python3.10/site-packages/selenium/webdriver/chrome/webdriver.py:70: in __init__\n    super(WebDriver, self).__init__(DesiredCapabilities.CHROME['browserName'], \"goog\",\n/opt/hostedtoolcache/Python/3.10.5/x64/lib/python3.10/site-packages/selenium/webdriver/chromium/webdriver.py:92: in __init__\n    RemoteWebDriver.__init__(\n/opt/hostedtoolcache/Python/3.10.5/x64/lib/python3.10/site-packages/selenium/webdriver/remote/webdriver.py:275: in __init__\n    self.start_session(capabilities, browser_profile)\n/opt/hostedtoolcache/Python/3.10.5/x64/lib/python3.10/site-packages/selenium/webdriver/remote/webdriver.py:365: in start_session\n    response = self.execute(Command.NEW_SESSION, parameters)\n/opt/hostedtoolcache/Python/3.10.5/x64/lib/python3.10/site-packages/selenium/webdriver/remote/webdriver.py:430: in execute\n    self.error_handler.check_response(response)\n_ _ _ _ _ _ _ _ _ _ _ _ _ _ _ _ _ _ _ _ _ _ _ _ _ _ _ _ _ _ _ _ _ _ _ _ _ _ _ _ \n\nself = <selenium.webdriver.remote.errorhandler.ErrorHandler object at 0x7fc6bbe35c60>\nresponse = {'status': 500, 'value': '{\"value\":{\"error\":\"unknown error\",\"message\":\"unknown error: Chrome failed to start: exited a...\\\\n#14 0x55602206c848 \\\\u003Cunknown>\\\\n#15 0x556022086c0d \\\\u003Cunknown>\\\\n#16 0x7f9d3764a609 \\\\u003Cunknown>\\\\n\"}}'}\n\n    def check_response(self, response: Dict[str, Any]) -> None:\n        \"\"\"\n        Checks that a JSON response from the WebDriver does not have an error.\n    \n        :Args:\n         - response - The JSON response from the WebDriver server as a dictionary\n           object.\n    \n        :Raises: If the response contains an error message.\n        \"\"\"\n        status = response.get('status', None)\n        if not status or status == ErrorCode.SUCCESS:\n            return\n        value = None\n        message = response.get(\"message\", \"\")\n        screen: str = response.get(\"screen\", \"\")\n        stacktrace = None\n        if isinstance(status, int):\n            value_json = response.get('value', None)\n            if value_json and isinstance(value_json, str):\n                import json\n                try:\n                    value = json.loads(value_json)\n                    if len(value.keys()) == 1:\n                        value = value['value']\n                    status = value.get('error', None)\n                    if not status:\n                        status = value.get(\"status\", ErrorCode.UNKNOWN_ERROR)\n                        message = value.get(\"value\") or value.get(\"message\")\n                        if not isinstance(message, str):\n                            value = message\n                            message = message.get('message')\n                    else:\n                        message = value.get('message', None)\n                except ValueError:\n                    pass\n    \n        exception_class: Type[WebDriverException]\n        if status in ErrorCode.NO_SUCH_ELEMENT:\n            exception_class = NoSuchElementException\n        elif status in ErrorCode.NO_SUCH_FRAME:\n            exception_class = NoSuchFrameException\n        elif status in ErrorCode.NO_SUCH_SHADOW_ROOT:\n            exception_class = NoSuchShadowRootException\n        elif status in ErrorCode.NO_SUCH_WINDOW:\n            exception_class = NoSuchWindowException\n        elif status in ErrorCode.STALE_ELEMENT_REFERENCE:\n            exception_class = StaleElementReferenceException\n        elif status in ErrorCode.ELEMENT_NOT_VISIBLE:\n            exception_class = ElementNotVisibleException\n        elif status in ErrorCode.INVALID_ELEMENT_STATE:\n            exception_class = InvalidElementStateException\n        elif status in ErrorCode.INVALID_SELECTOR \\\n                or status in ErrorCode.INVALID_XPATH_SELECTOR \\\n                or status in ErrorCode.INVALID_XPATH_SELECTOR_RETURN_TYPER:\n            exception_class = InvalidSelectorException\n        elif status in ErrorCode.ELEMENT_IS_NOT_SELECTABLE:\n            exception_class = ElementNotSelectableException\n        elif status in ErrorCode.ELEMENT_NOT_INTERACTABLE:\n            exception_class = ElementNotInteractableException\n        elif status in ErrorCode.INVALID_COOKIE_DOMAIN:\n            exception_class = InvalidCookieDomainException\n        elif status in ErrorCode.UNABLE_TO_SET_COOKIE:\n            exception_class = UnableToSetCookieException\n        elif status in ErrorCode.TIMEOUT:\n            exception_class = TimeoutException\n        elif status in ErrorCode.SCRIPT_TIMEOUT:\n            exception_class = TimeoutException\n        elif status in ErrorCode.UNKNOWN_ERROR:\n            exception_class = WebDriverException\n        elif status in ErrorCode.UNEXPECTED_ALERT_OPEN:\n            exception_class = UnexpectedAlertPresentException\n        elif status in ErrorCode.NO_ALERT_OPEN:\n            exception_class = NoAlertPresentException\n        elif status in ErrorCode.IME_NOT_AVAILABLE:\n            exception_class = ImeNotAvailableException\n        elif status in ErrorCode.IME_ENGINE_ACTIVATION_FAILED:\n            exception_class = ImeActivationFailedException\n        elif status in ErrorCode.MOVE_TARGET_OUT_OF_BOUNDS:\n            exception_class = MoveTargetOutOfBoundsException\n        elif status in ErrorCode.JAVASCRIPT_ERROR:\n            exception_class = JavascriptException\n        elif status in ErrorCode.SESSION_NOT_CREATED:\n            exception_class = SessionNotCreatedException\n        elif status in ErrorCode.INVALID_ARGUMENT:\n            exception_class = InvalidArgumentException\n        elif status in ErrorCode.NO_SUCH_COOKIE:\n            exception_class = NoSuchCookieException\n        elif status in ErrorCode.UNABLE_TO_CAPTURE_SCREEN:\n            exception_class = ScreenshotException\n        elif status in ErrorCode.ELEMENT_CLICK_INTERCEPTED:\n            exception_class = ElementClickInterceptedException\n        elif status in ErrorCode.INSECURE_CERTIFICATE:\n            exception_class = InsecureCertificateException\n        elif status in ErrorCode.INVALID_COORDINATES:\n            exception_class = InvalidCoordinatesException\n        elif status in ErrorCode.INVALID_SESSION_ID:\n            exception_class = InvalidSessionIdException\n        elif status in ErrorCode.UNKNOWN_METHOD:\n            exception_class = UnknownMethodException\n        else:\n            exception_class = WebDriverException\n        if not value:\n            value = response['value']\n        if isinstance(value, str):\n            raise exception_class(value)\n        if message == \"\" and 'message' in value:\n            message = value['message']\n    \n        screen = None  # type: ignore[assignment]\n        if 'screen' in value:\n            screen = value['screen']\n    \n        stacktrace = None\n        st_value = value.get('stackTrace') or value.get('stacktrace')\n        if st_value:\n            if isinstance(st_value, str):\n                stacktrace = st_value.split('\\n')\n            else:\n                stacktrace = []\n                try:\n                    for frame in st_value:\n                        line = self._value_or_default(frame, 'lineNumber', '')\n                        file = self._value_or_default(frame, 'fileName', '<anonymous>')\n                        if line:\n                            file = \"%s:%s\" % (file, line)\n                        meth = self._value_or_default(frame, 'methodName', '<anonymous>')\n                        if 'className' in frame:\n                            meth = \"%s.%s\" % (frame['className'], meth)\n                        msg = \"    at %s (%s)\"\n                        msg = msg % (meth, file)\n                        stacktrace.append(msg)\n                except TypeError:\n                    pass\n        if exception_class == UnexpectedAlertPresentException:\n            alert_text = None\n            if 'data' in value:\n                alert_text = value['data'].get('text')\n            elif 'alert' in value:\n                alert_text = value['alert'].get('text')\n            raise exception_class(message, screen, stacktrace, alert_text)  # type: ignore[call-arg]  # mypy is not smart enough here\n>       raise exception_class(message, screen, stacktrace)\nE       selenium.common.exceptions.WebDriverException: Message: unknown error: Chrome failed to start: exited abnormally.\nE         (unknown error: DevToolsActivePort file doesn't exist)\nE         (The process started from chrome location /usr/bin/google-chrome is no longer running, so ChromeDriver is assuming that Chrome has crashed.)\nE       Stacktrace:\nE       #0 0x556022003b13 <unknown>\nE       #1 0x556021e0a688 <unknown>\nE       #2 0x556021e2ef1f <unknown>\nE       #3 0x556021e2a5aa <unknown>\nE       #4 0x556021e6564a <unknown>\nE       #5 0x556021e5f7a3 <unknown>\nE       #6 0x556021e350ea <unknown>\nE       #7 0x556021e36225 <unknown>\nE       #8 0x55602204b2dd <unknown>\nE       #9 0x55602204f2c7 <unknown>\nE       #10 0x55602203522e <unknown>\nE       #11 0x5560220500a8 <unknown>\nE       #12 0x556022029bc0 <unknown>\nE       #13 0x55602206c6c8 <unknown>\nE       #14 0x55602206c848 <unknown>\nE       #15 0x556022086c0d <unknown>\nE       #16 0x7f9d3764a609 <unknown>\n\n/opt/hostedtoolcache/Python/3.10.5/x64/lib/python3.10/site-packages/selenium/webdriver/remote/errorhandler.py:247: WebDriverException","steps":[],"attachments":[{"uid":"3d7bc7a8dc3c8b41","name":"log","source":"3d7bc7a8dc3c8b41.txt","type":"text/plain","size":338},{"uid":"3786c59b36b67cd6","name":"stdout","source":"3786c59b36b67cd6.txt","type":"text/plain","size":1},{"uid":"d0ed6c2a1e108ea5","name":"stderr","source":"d0ed6c2a1e108ea5.txt","type":"text/plain","size":267}],"parameters":[],"stepsCount":0,"attachmentsCount":3,"shouldDisplayMessage":true,"hasContent":true},"afterStages":[],"labels":[{"name":"parentSuite","value":"tests"},{"name":"suite","value":"test_selene"},{"name":"host","value":"fv-az502-63"},{"name":"thread","value":"2278-MainThread"},{"name":"framework","value":"pytest"},{"name":"language","value":"cpython3"},{"name":"package","value":"tests.test_selene"},{"name":"resultFormat","value":"allure2"}],"parameters":[],"links":[],"hidden":false,"retry":false,"extra":{"severity":"normal","retries":[],"categories":[{"name":"Test defects","matchedStatuses":[],"flaky":false}],"history":{"statistic":{"failed":0,"broken":4,"skipped":0,"passed":0,"unknown":0,"total":4},"items":[{"uid":"50a04467f81fd87c","reportUrl":"https://Bodan1992.github.io/Allure_Reports/3//#testresult/50a04467f81fd87c","status":"broken","statusDetails":"selenium.common.exceptions.WebDriverException: Message: unknown error: Chrome failed to start: exited abnormally.\n  (unknown error: DevToolsActivePort file doesn't exist)\n  (The process started from chrome location /usr/bin/google-chrome is no longer running, so ChromeDriver is assuming that Chrome has crashed.)\nStacktrace:\n#0 0x555dd4dfbb13 <unknown>\n#1 0x555dd4c02688 <unknown>\n#2 0x555dd4c26f1f <unknown>\n#3 0x555dd4c225aa <unknown>\n#4 0x555dd4c5d64a <unknown>\n#5 0x555dd4c577a3 <unknown>\n#6 0x555dd4c2d0ea <unknown>\n#7 0x555dd4c2e225 <unknown>\n#8 0x555dd4e432dd <unknown>\n#9 0x555dd4e472c7 <unknown>\n#10 0x555dd4e2d22e <unknown>\n#11 0x555dd4e480a8 <unknown>\n#12 0x555dd4e21bc0 <unknown>\n#13 0x555dd4e646c8 <unknown>\n#14 0x555dd4e64848 <unknown>\n#15 0x555dd4e7ec0d <unknown>\n#16 0x7f920c3a4609 <unknown>","time":{"start":1658126037240,"stop":1658126037977,"duration":737}},{"uid":"9f18eb265dcc56f5","reportUrl":"https://Bodan1992.github.io/Allure_Reports/2//#testresult/9f18eb265dcc56f5","status":"broken","statusDetails":"selenium.common.exceptions.WebDriverException: Message: unknown error: Chrome failed to start: exited abnormally.\n  (unknown error: DevToolsActivePort file doesn't exist)\n  (The process started from chrome location /usr/bin/google-chrome is no longer running, so ChromeDriver is assuming that Chrome has crashed.)\nStacktrace:\n#0 0x55cbbf9a6b13 <unknown>\n#1 0x55cbbf7ad688 <unknown>\n#2 0x55cbbf7d1f1f <unknown>\n#3 0x55cbbf7cd5aa <unknown>\n#4 0x55cbbf80864a <unknown>\n#5 0x55cbbf8027a3 <unknown>\n#6 0x55cbbf7d80ea <unknown>\n#7 0x55cbbf7d9225 <unknown>\n#8 0x55cbbf9ee2dd <unknown>\n#9 0x55cbbf9f22c7 <unknown>\n#10 0x55cbbf9d822e <unknown>\n#11 0x55cbbf9f30a8 <unknown>\n#12 0x55cbbf9ccbc0 <unknown>\n#13 0x55cbbfa0f6c8 <unknown>\n#14 0x55cbbfa0f848 <unknown>\n#15 0x55cbbfa29c0d <unknown>\n#16 0x7ff37b1f2609 <unknown>","time":{"start":1658124893255,"stop":1658124894004,"duration":749}},{"uid":"15d195453aeb25aa","reportUrl":"https://Bodan1992.github.io/Allure_Reports/1//#testresult/15d195453aeb25aa","status":"broken","statusDetails":"selenium.common.exceptions.WebDriverException: Message: unknown error: Chrome failed to start: exited abnormally.\n  (unknown error: DevToolsActivePort file doesn't exist)\n  (The process started from chrome location /usr/bin/google-chrome is no longer running, so ChromeDriver is assuming that Chrome has crashed.)\nStacktrace:\n#0 0x5559e5c3eb13 <unknown>\n#1 0x5559e5a45688 <unknown>\n#2 0x5559e5a69f1f <unknown>\n#3 0x5559e5a655aa <unknown>\n#4 0x5559e5aa064a <unknown>\n#5 0x5559e5a9a7a3 <unknown>\n#6 0x5559e5a700ea <unknown>\n#7 0x5559e5a71225 <unknown>\n#8 0x5559e5c862dd <unknown>\n#9 0x5559e5c8a2c7 <unknown>\n#10 0x5559e5c7022e <unknown>\n#11 0x5559e5c8b0a8 <unknown>\n#12 0x5559e5c64bc0 <unknown>\n#13 0x5559e5ca76c8 <unknown>\n#14 0x5559e5ca7848 <unknown>\n#15 0x5559e5cc1c0d <unknown>\n#16 0x7efd5980e609 <unknown>","time":{"start":1658124509535,"stop":1658124510224,"duration":689}}]},"tags":[]},"source":"6b90e13a18c0c169.json","parameterValues":[]}